<?xml version="1.0" encoding="UTF-8"?>
<!-- Generated by org.testng.reporters.JUnitReportReporter -->
<testsuite skipped="0" hostname="LKSRIWL-GP3Z8H2" name="testPackage.TestRunner" tests="2" failures="0" timestamp="24 Feb 2019 10:35:53 GMT" time="37.321" errors="0">
  <testcase name="testCase01" time="16.378" classname="testPackage.TestRunner"/>
  <testcase name="testCase02" time="20.943" classname="testPackage.TestRunner"/>
</testsuite> <!-- testPackage.TestRunner -->
